T:\COURSES\MALIS\TP1\FENG_JORSTAD\SRC\EXERCISE3\DEBUG\CHROMOSOME.OBJ
T:\courses\MALIS\TP1\feng_jorstad\src\Exercise3\Debug\cl.command.1.tlog
T:\courses\MALIS\TP1\feng_jorstad\src\Exercise3\Debug\CL.read.1.tlog
T:\courses\MALIS\TP1\feng_jorstad\src\Exercise3\Debug\CL.write.1.tlog
T:\courses\MALIS\TP1\feng_jorstad\src\Exercise3\Debug\Exercise3.exe.embed.manifest
T:\COURSES\MALIS\TP1\FENG_JORSTAD\SRC\EXERCISE3\DEBUG\EXERCISE3.EXE.EMBED.MANIFEST.RES
T:\COURSES\MALIS\TP1\FENG_JORSTAD\SRC\EXERCISE3\DEBUG\EXERCISE3.OBJ
T:\courses\MALIS\TP1\feng_jorstad\src\Exercise3\Debug\Exercise3.write.1.tlog
T:\courses\MALIS\TP1\feng_jorstad\src\Exercise3\Debug\Exercise3_manifest.rc
T:\COURSES\MALIS\TP1\FENG_JORSTAD\SRC\EXERCISE3\DEBUG\IMAGE.OBJ
T:\courses\MALIS\TP1\feng_jorstad\src\Exercise3\Debug\link.command.1.tlog
T:\courses\MALIS\TP1\feng_jorstad\src\Exercise3\Debug\link.read.1.tlog
T:\courses\MALIS\TP1\feng_jorstad\src\Exercise3\Debug\link.write.1.tlog
T:\COURSES\MALIS\TP1\FENG_JORSTAD\SRC\EXERCISE3\DEBUG\POPULATION.OBJ
T:\courses\MALIS\TP1\feng_jorstad\src\Exercise3\Debug\rc.command.1.tlog
T:\courses\MALIS\TP1\feng_jorstad\src\Exercise3\Debug\rc.read.1.tlog
T:\courses\MALIS\TP1\feng_jorstad\src\Exercise3\Debug\rc.write.1.tlog
T:\COURSES\MALIS\TP1\FENG_JORSTAD\SRC\EXERCISE3\DEBUG\TSP_UTILS.OBJ
T:\courses\MALIS\TP1\feng_jorstad\src\Exercise3\Debug\vc100.idb
T:\COURSES\MALIS\TP1\FENG_JORSTAD\SRC\EXERCISE3\DEBUG\VC100.PDB
