T:\COURSES\MALIS\TP1\FENG_JORSTAD\SRC\DEBUG\EXERCISE1.EXE
T:\COURSES\MALIS\TP1\FENG_JORSTAD\SRC\DEBUG\EXERCISE1.PDB
T:\COURSES\MALIS\TP1\FENG_JORSTAD\SRC\EXERCISE1\DEBUG\CHROMOSOME.OBJ
T:\courses\MALIS\TP1\feng_jorstad\src\Exercise1\Debug\cl.command.1.tlog
T:\courses\MALIS\TP1\feng_jorstad\src\Exercise1\Debug\CL.read.1.tlog
T:\courses\MALIS\TP1\feng_jorstad\src\Exercise1\Debug\CL.write.1.tlog
T:\courses\MALIS\TP1\feng_jorstad\src\Exercise1\Debug\Exercise1.exe.embed.manifest
T:\courses\MALIS\TP1\feng_jorstad\src\Exercise1\Debug\Exercise1.exe.embed.manifest.res
T:\COURSES\MALIS\TP1\FENG_JORSTAD\SRC\EXERCISE1\DEBUG\EXERCISE1.EXE.INTERMEDIATE.MANIFEST
T:\COURSES\MALIS\TP1\FENG_JORSTAD\SRC\EXERCISE1\DEBUG\EXERCISE1.OBJ
T:\courses\MALIS\TP1\feng_jorstad\src\Exercise1\Debug\Exercise1.vcxprojResolveAssemblyReference.cache
T:\courses\MALIS\TP1\feng_jorstad\src\Exercise1\Debug\Exercise1.write.1.tlog
T:\courses\MALIS\TP1\feng_jorstad\src\Exercise1\Debug\link.command.1.tlog
T:\courses\MALIS\TP1\feng_jorstad\src\Exercise1\Debug\link.read.1.tlog
T:\courses\MALIS\TP1\feng_jorstad\src\Exercise1\Debug\link.write.1.tlog
T:\courses\MALIS\TP1\feng_jorstad\src\Exercise1\Debug\mt.command.1.tlog
T:\courses\MALIS\TP1\feng_jorstad\src\Exercise1\Debug\mt.read.1.tlog
T:\courses\MALIS\TP1\feng_jorstad\src\Exercise1\Debug\mt.write.1.tlog
T:\courses\MALIS\TP1\feng_jorstad\src\Exercise1\Debug\vc100.idb
T:\COURSES\MALIS\TP1\FENG_JORSTAD\SRC\EXERCISE1\DEBUG\VC100.PDB
T:\courses\MALIS\TP1\feng_jorstad\src\Exercise1\Debug\vc80.idb
T:\courses\MALIS\TP1\feng_jorstad\src\Exercise1\Debug\vc80.pdb
