T:\COURSES\MALIS\TP1\FENG_JORSTAD\SRC\DEBUG\EXERCISE2.EXE
T:\COURSES\MALIS\TP1\FENG_JORSTAD\SRC\DEBUG\EXERCISE2.PDB
T:\COURSES\MALIS\TP1\FENG_JORSTAD\SRC\EXERCISE2\DEBUG\CHROMOSOME.OBJ
T:\courses\MALIS\TP1\feng_jorstad\src\Exercise2\Debug\cl.command.1.tlog
T:\courses\MALIS\TP1\feng_jorstad\src\Exercise2\Debug\CL.read.1.tlog
T:\courses\MALIS\TP1\feng_jorstad\src\Exercise2\Debug\CL.write.1.tlog
T:\courses\MALIS\TP1\feng_jorstad\src\Exercise2\Debug\Exercise2.exe.embed.manifest
T:\courses\MALIS\TP1\feng_jorstad\src\Exercise2\Debug\Exercise2.exe.embed.manifest.res
T:\COURSES\MALIS\TP1\FENG_JORSTAD\SRC\EXERCISE2\DEBUG\EXERCISE2.EXE.INTERMEDIATE.MANIFEST
T:\COURSES\MALIS\TP1\FENG_JORSTAD\SRC\EXERCISE2\DEBUG\EXERCISE2.OBJ
T:\courses\MALIS\TP1\feng_jorstad\src\Exercise2\Debug\Exercise2.vcxprojResolveAssemblyReference.cache
T:\courses\MALIS\TP1\feng_jorstad\src\Exercise2\Debug\Exercise2.write.1.tlog
T:\COURSES\MALIS\TP1\FENG_JORSTAD\SRC\EXERCISE2\DEBUG\IMAGE.OBJ
T:\courses\MALIS\TP1\feng_jorstad\src\Exercise2\Debug\link.command.1.tlog
T:\courses\MALIS\TP1\feng_jorstad\src\Exercise2\Debug\link.read.1.tlog
T:\courses\MALIS\TP1\feng_jorstad\src\Exercise2\Debug\link.write.1.tlog
T:\courses\MALIS\TP1\feng_jorstad\src\Exercise2\Debug\mt.command.1.tlog
T:\courses\MALIS\TP1\feng_jorstad\src\Exercise2\Debug\mt.read.1.tlog
T:\courses\MALIS\TP1\feng_jorstad\src\Exercise2\Debug\mt.write.1.tlog
T:\COURSES\MALIS\TP1\FENG_JORSTAD\SRC\EXERCISE2\DEBUG\POPULATION.OBJ
T:\COURSES\MALIS\TP1\FENG_JORSTAD\SRC\EXERCISE2\DEBUG\TSP_UTILS.OBJ
T:\courses\MALIS\TP1\feng_jorstad\src\Exercise2\Debug\vc100.idb
T:\COURSES\MALIS\TP1\FENG_JORSTAD\SRC\EXERCISE2\DEBUG\VC100.PDB
T:\courses\MALIS\TP1\feng_jorstad\src\Exercise2\Debug\vc80.idb
T:\courses\MALIS\TP1\feng_jorstad\src\Exercise2\Debug\vc80.pdb
